c:\users\stefan\desktop\code\school\new_gec\level2\sdltutorial\debug\vc142.pdb
c:\users\stefan\desktop\code\school\new_gec\level2\sdltutorial\debug\vc142.idb
c:\users\stefan\desktop\code\school\new_gec\level2\sdltutorial\debug\ui.obj
c:\users\stefan\desktop\code\school\new_gec\level2\sdltutorial\debug\texture2d.obj
c:\users\stefan\desktop\code\school\new_gec\level2\sdltutorial\debug\text.obj
c:\users\stefan\desktop\code\school\new_gec\level2\sdltutorial\debug\staticblock.obj
c:\users\stefan\desktop\code\school\new_gec\level2\sdltutorial\debug\sdltutorial.obj
c:\users\stefan\desktop\code\school\new_gec\level2\sdltutorial\debug\powblock.obj
c:\users\stefan\desktop\code\school\new_gec\level2\sdltutorial\debug\levelmap.obj
c:\users\stefan\desktop\code\school\new_gec\level2\sdltutorial\debug\gamesscreenlevel2.obj
c:\users\stefan\desktop\code\school\new_gec\level2\sdltutorial\debug\gamescreenmanager.obj
c:\users\stefan\desktop\code\school\new_gec\level2\sdltutorial\debug\gamescreenlevel1.obj
c:\users\stefan\desktop\code\school\new_gec\level2\sdltutorial\debug\gamescreen.obj
c:\users\stefan\desktop\code\school\new_gec\level2\sdltutorial\debug\c_mario.obj
c:\users\stefan\desktop\code\school\new_gec\level2\sdltutorial\debug\c_luigi.obj
c:\users\stefan\desktop\code\school\new_gec\level2\sdltutorial\debug\c_koopa.obj
c:\users\stefan\desktop\code\school\new_gec\level2\sdltutorial\debug\collision.obj
c:\users\stefan\desktop\code\school\new_gec\level2\sdltutorial\debug\coin.obj
c:\users\stefan\desktop\code\school\new_gec\level2\sdltutorial\debug\character.obj
c:\users\stefan\desktop\code\school\new_gec\level2\sdltutorial\debug\gamescreenlevel2.obj
c:\users\stefan\desktop\code\school\new_gec\level2\sdltutorial\debug\gamescreenlevel3.obj
c:\users\stefan\desktop\code\school\new_gec\transition\sdltutorial\debug\vc142.pdb
c:\users\stefan\desktop\code\school\new_gec\transition\sdltutorial\debug\vc142.idb
c:\users\stefan\desktop\code\school\new_gec\transition\sdltutorial\debug\ui.obj
c:\users\stefan\desktop\code\school\new_gec\transition\sdltutorial\debug\texture2d.obj
c:\users\stefan\desktop\code\school\new_gec\transition\sdltutorial\debug\text.obj
c:\users\stefan\desktop\code\school\new_gec\transition\sdltutorial\debug\staticblock.obj
c:\users\stefan\desktop\code\school\new_gec\transition\sdltutorial\debug\sdltutorial.obj
c:\users\stefan\desktop\code\school\new_gec\transition\sdltutorial\debug\powblock.obj
c:\users\stefan\desktop\code\school\new_gec\transition\sdltutorial\debug\levelmap.obj
c:\users\stefan\desktop\code\school\new_gec\transition\sdltutorial\debug\gamescreenlevel2.obj
c:\users\stefan\desktop\code\school\new_gec\transition\sdltutorial\debug\gamescreenmanager.obj
c:\users\stefan\desktop\code\school\new_gec\transition\sdltutorial\debug\gamescreenlevel3.obj
c:\users\stefan\desktop\code\school\new_gec\transition\sdltutorial\debug\gamescreenlevel1.obj
c:\users\stefan\desktop\code\school\new_gec\transition\sdltutorial\debug\gamescreen.obj
c:\users\stefan\desktop\code\school\new_gec\transition\sdltutorial\debug\c_mario.obj
c:\users\stefan\desktop\code\school\new_gec\transition\sdltutorial\debug\c_luigi.obj
c:\users\stefan\desktop\code\school\new_gec\transition\sdltutorial\debug\c_koopa.obj
c:\users\stefan\desktop\code\school\new_gec\transition\sdltutorial\debug\collision.obj
c:\users\stefan\desktop\code\school\new_gec\transition\sdltutorial\debug\coin.obj
c:\users\stefan\desktop\code\school\new_gec\transition\sdltutorial\debug\character.obj
c:\users\stefan\desktop\code\school\new_gec\transition\sdltutorial\debug\gamescreenlevelmenu.obj
c:\users\stefan\desktop\code\school\new_gec\transition2\sdltutorial\debug\vc142.pdb
c:\users\stefan\desktop\code\school\new_gec\transition2\sdltutorial\debug\vc142.idb
c:\users\stefan\desktop\code\school\new_gec\transition2\sdltutorial\debug\ui.obj
c:\users\stefan\desktop\code\school\new_gec\transition2\sdltutorial\debug\texture2d.obj
c:\users\stefan\desktop\code\school\new_gec\transition2\sdltutorial\debug\text.obj
c:\users\stefan\desktop\code\school\new_gec\transition2\sdltutorial\debug\staticblock.obj
c:\users\stefan\desktop\code\school\new_gec\transition2\sdltutorial\debug\sdltutorial.obj
c:\users\stefan\desktop\code\school\new_gec\transition2\sdltutorial\debug\powblock.obj
c:\users\stefan\desktop\code\school\new_gec\transition2\sdltutorial\debug\levelmap.obj
c:\users\stefan\desktop\code\school\new_gec\transition2\sdltutorial\debug\gamescreenlevel2.obj
c:\users\stefan\desktop\code\school\new_gec\transition2\sdltutorial\debug\gamescreenmanager.obj
c:\users\stefan\desktop\code\school\new_gec\transition2\sdltutorial\debug\gamescreenlevelmenu.obj
c:\users\stefan\desktop\code\school\new_gec\transition2\sdltutorial\debug\gamescreenlevel3.obj
c:\users\stefan\desktop\code\school\new_gec\transition2\sdltutorial\debug\gamescreenlevel1.obj
c:\users\stefan\desktop\code\school\new_gec\transition2\sdltutorial\debug\gamescreen.obj
c:\users\stefan\desktop\code\school\new_gec\transition2\sdltutorial\debug\c_mario.obj
c:\users\stefan\desktop\code\school\new_gec\transition2\sdltutorial\debug\c_luigi.obj
c:\users\stefan\desktop\code\school\new_gec\transition2\sdltutorial\debug\c_koopa.obj
c:\users\stefan\desktop\code\school\new_gec\transition2\sdltutorial\debug\collision.obj
c:\users\stefan\desktop\code\school\new_gec\transition2\sdltutorial\debug\coin.obj
c:\users\stefan\desktop\code\school\new_gec\transition2\sdltutorial\debug\character.obj
c:\users\stefan\desktop\code\school\new_gec\level2\debug\sdltutorial.exe
c:\users\stefan\desktop\code\school\new_gec\level2\debug\sdltutorial.ilk
c:\users\stefan\desktop\code\school\new_gec\level2\debug\sdltutorial.pdb
c:\users\stefan\desktop\code\school\new_gec\transition\debug\sdltutorial.exe
c:\users\stefan\desktop\code\school\new_gec\transition\debug\sdltutorial.ilk
c:\users\stefan\desktop\code\school\new_gec\transition\debug\sdltutorial.pdb
c:\users\stefan\desktop\code\school\new_gec\transition2\debug\sdltutorial.exe
c:\users\stefan\desktop\code\school\new_gec\transition2\debug\sdltutorial.ilk
c:\users\stefan\desktop\code\school\new_gec\transition2\debug\sdltutorial.pdb
c:\users\stefan\desktop\code\school\new_gec\transition2\sdltutorial\debug\gamesscreenlevel2.obj
c:\users\stefan\desktop\code\school\new_gec\transition2\sdltutorial\debug\gamescreenlevelmenu.obj.enc
c:\users\stefan\desktop\code\school\new_gec\transition2\sdltutorial\debug\sdltutorial.tlog\cl.command.1.tlog
c:\users\stefan\desktop\code\school\new_gec\transition2\sdltutorial\debug\sdltutorial.tlog\cl.read.1.tlog
c:\users\stefan\desktop\code\school\new_gec\transition2\sdltutorial\debug\sdltutorial.tlog\cl.write.1.tlog
c:\users\stefan\desktop\code\school\new_gec\transition2\sdltutorial\debug\sdltutorial.tlog\link.command.1.tlog
c:\users\stefan\desktop\code\school\new_gec\transition2\sdltutorial\debug\sdltutorial.tlog\link.read.1.tlog
c:\users\stefan\desktop\code\school\new_gec\transition2\sdltutorial\debug\sdltutorial.tlog\link.write.1.tlog
